

  2025-07-14 07:17:46 Running ['artisan' resources:refresh-urls]   2025-07-14 07:17:46 Running ['artisan' resources:refresh-urls] 

  2025-07-14 07:21:41 Running ['artisan' resources:refresh-urls]   2025-07-14 07:21:41 Running ['artisan' resources:refresh-urls] ..... 8s DONE
..... 8s DONE
  ⇂ '/usr/local/bin/php' 'artisan' resources:refresh-urls > '/dev/null' 2>&1  

  ⇂ '/usr/local/bin/php' 'artisan' resources:refresh-urls > '/dev/null' 2>&1  



  2025-07-14 07:21:49 Running ['artisan' resources:refresh-urls]   2025-07-14 07:21:49 Running ['artisan' resources:refresh-urls] ..... 4s..... 4s DONE
 DONE
  ⇂ '/usr/local/bin/php' 'artisan' resources:refresh-urls > '/dev/null' 2>&1  
  ⇂ '/usr/local/bin/php' 'artisan' resources:refresh-urls > '/dev/null' 2>&1  




  2025-07-14 07:21:54 Running ['artisan' resources:refresh-urls]   2025-07-14 07:21:54 Running ['artisan' resources:refresh-urls] ..... 2s DONE
..... 2s DONE
  ⇂ '/usr/local/bin/php' 'artisan' resources:refresh-urls > '/dev/null' 2>&1  

  ⇂ '/usr/local/bin/php' 'artisan' resources:refresh-urls > '/dev/null' 2>&1  


  2025-07-14 07:21:57 Running ['artisan' resources:refresh-urls] 
  2025-07-14 07:21:57 Running ['artisan' resources:refresh-urls] ..... 1s DONE
  ⇂ '/usr/local/bin/php' 'artisan' resources:refresh-urls > '/dev/null' 2>&1  

 918.08ms DONE
  ⇂ '/usr/local/bin/php' 'artisan' resources:refresh-urls > '/dev/null' 2>&1  


  2025-07-14 07:21:58 Running ['artisan' resources:refresh-urls] 
  2025-07-14 07:21:59 Running ['artisan' resources:refresh-urls]  709.40ms DONE
  ⇂ '/usr/local/bin/php' 'artisan' resources:refresh-urls > '/dev/null' 2>&1  

 450.18ms DONE
  ⇂ '/usr/local/bin/php' 'artisan' resources:refresh-urls > '/dev/null' 2>&1  



  2025-07-14 07:22:00 Running ['artisan' resources:refresh-urls]   2025-07-14 07:22:00 Running ['artisan' resources:refresh-urls]  528.42ms DONE
 529.08ms DONE
  ⇂ '/usr/local/bin/php' 'artisan' resources:refresh-urls > '/dev/null' 2>&1  

  ⇂ '/usr/local/bin/php' 'artisan' resources:refresh-urls > '/dev/null' 2>&1  



  2025-07-14 07:22:03 Running ['artisan' resources:refresh-urls]   2025-07-14 07:22:03 Running ['artisan' resources:refresh-urls]  299.86ms DONE
 301.29ms DONE
  ⇂ '/usr/local/bin/php' 'artisan' resources:refresh-urls > '/dev/null' 2>&1  

  ⇂ '/usr/local/bin/php' 'artisan' resources:refresh-urls > '/dev/null' 2>&1  



  2025-07-14 07:22:07 Running ['artisan' resources:refresh-urls]   2025-07-14 07:22:07 Running ['artisan' resources:refresh-urls]  311.56ms DONE
 315.92ms DONE
  ⇂ '/usr/local/bin/php' 'artisan' resources:refresh-urls > '/dev/null' 2>&1  

  ⇂ '/usr/local/bin/php' 'artisan' resources:refresh-urls > '/dev/null' 2>&1  


   INFO  Running scheduled tasks.  

Could not open input file: artisan
Could not open input file: artisan
Could not open input file: artisan
Could not open input file: artisan

   INFO  Running scheduled tasks.  

